<?xml version="1.0" encoding="UTF-8"?>
<testng-results ignored="0" total="2" passed="2" failed="0" skipped="0">
  <reporter-output>
  </reporter-output>
  <suite started-at="2023-05-06T18:21:19 PKT" name="Default suite" finished-at="2023-05-06T18:21:22 PKT" duration-ms="3533">
    <groups>
    </groups>
    <test started-at="2023-05-06T18:21:19 PKT" name="Default test" finished-at="2023-05-06T18:21:22 PKT" duration-ms="3533">
      <class name="Innomate.Automate">
        <test-method signature="beforeTest()[pri:0, instance:Innomate.Automate@333291e3]" started-at="2023-05-06T18:21:19 PKT" name="beforeTest" finished-at="2023-05-06T18:21:19 PKT" duration-ms="17" status="PASS">
          <reporter-output>
          </reporter-output>
        </test-method> <!-- beforeTest -->
        <test-method signature="driver()[pri:0, instance:Innomate.Automate@333291e3]" started-at="2023-05-06T18:21:19 PKT" name="driver" finished-at="2023-05-06T18:21:22 PKT" duration-ms="3460" status="PASS">
          <reporter-output>
          </reporter-output>
        </test-method> <!-- driver -->
        <test-method is-config="true" signature="afterTest()[pri:0, instance:Innomate.Automate@333291e3]" started-at="2023-05-06T18:21:22 PKT" name="afterTest" finished-at="2023-05-06T18:21:22 PKT" duration-ms="1" status="PASS">
          <reporter-output>
          </reporter-output>
        </test-method> <!-- afterTest -->
      </class> <!-- Innomate.Automate -->
    </test> <!-- Default test -->
  </suite> <!-- Default suite -->
</testng-results>
